[peekaboo] 2022/05/17 - 08:38:09	[34minfo[0m	redis connect ping response:	{"pong": "PONG"}
zeropiece/Initialize.InitRedis
	/Users/orlando/GolandProjects/DLXM/zeropiece/Initialize/cache.go:31
zeropiece/Initialize.InitCache
	/Users/orlando/GolandProjects/DLXM/zeropiece/Initialize/cache.go:12
main.init.0
	/Users/orlando/GolandProjects/DLXM/zeropiece/main.go:25
runtime.doInit
	/usr/local/go/src/runtime/proc.go:6222
runtime.main
	/usr/local/go/src/runtime/proc.go:233
[peekaboo] 2022/05/17 - 08:38:09	[34minfo[0m	register table success
zeropiece/Initialize.DBTableMigrate
	/Users/orlando/GolandProjects/DLXM/zeropiece/Initialize/db.go:48
zeropiece/Initialize.InitMysql
	/Users/orlando/GolandProjects/DLXM/zeropiece/Initialize/db.go:35
zeropiece/Initialize.InitDb
	/Users/orlando/GolandProjects/DLXM/zeropiece/Initialize/db.go:15
main.init.0
	/Users/orlando/GolandProjects/DLXM/zeropiece/main.go:27
runtime.doInit
	/usr/local/go/src/runtime/proc.go:6222
runtime.main
	/usr/local/go/src/runtime/proc.go:233
[peekaboo] 2022/05/17 - 08:38:09	[34minfo[0m	use middleware cors logger recovery
zeropiece/Initialize.InitRouters
	/Users/orlando/GolandProjects/DLXM/zeropiece/Initialize/router.go:19
main.main
	/Users/orlando/GolandProjects/DLXM/zeropiece/main.go:15
runtime.main
	/usr/local/go/src/runtime/proc.go:250
[peekaboo] 2022/05/17 - 08:38:09	[34minfo[0m	routers register success
zeropiece/Initialize.InitRouters
	/Users/orlando/GolandProjects/DLXM/zeropiece/Initialize/router.go:30
main.main
	/Users/orlando/GolandProjects/DLXM/zeropiece/main.go:15
runtime.main
	/usr/local/go/src/runtime/proc.go:250
[peekaboo] 2022/05/17 - 08:38:59	[34minfo[0m	redis connect ping response:	{"pong": "PONG"}
zeropiece/Initialize.InitRedis
	/Users/orlando/GolandProjects/DLXM/zeropiece/Initialize/cache.go:31
zeropiece/Initialize.InitCache
	/Users/orlando/GolandProjects/DLXM/zeropiece/Initialize/cache.go:12
main.init.0
	/Users/orlando/GolandProjects/DLXM/zeropiece/main.go:25
runtime.doInit
	/usr/local/go/src/runtime/proc.go:6222
runtime.main
	/usr/local/go/src/runtime/proc.go:233
[peekaboo] 2022/05/17 - 08:38:59	[34minfo[0m	register table success
zeropiece/Initialize.DBTableMigrate
	/Users/orlando/GolandProjects/DLXM/zeropiece/Initialize/db.go:48
zeropiece/Initialize.InitMysql
	/Users/orlando/GolandProjects/DLXM/zeropiece/Initialize/db.go:35
zeropiece/Initialize.InitDb
	/Users/orlando/GolandProjects/DLXM/zeropiece/Initialize/db.go:15
main.init.0
	/Users/orlando/GolandProjects/DLXM/zeropiece/main.go:27
runtime.doInit
	/usr/local/go/src/runtime/proc.go:6222
runtime.main
	/usr/local/go/src/runtime/proc.go:233
[peekaboo] 2022/05/17 - 08:38:59	[34minfo[0m	use middleware cors logger recovery
zeropiece/Initialize.InitRouters
	/Users/orlando/GolandProjects/DLXM/zeropiece/Initialize/router.go:19
main.main
	/Users/orlando/GolandProjects/DLXM/zeropiece/main.go:15
runtime.main
	/usr/local/go/src/runtime/proc.go:250
[peekaboo] 2022/05/17 - 08:38:59	[34minfo[0m	routers register success
zeropiece/Initialize.InitRouters
	/Users/orlando/GolandProjects/DLXM/zeropiece/Initialize/router.go:30
main.main
	/Users/orlando/GolandProjects/DLXM/zeropiece/main.go:15
runtime.main
	/usr/local/go/src/runtime/proc.go:250
[peekaboo] 2022/05/17 - 08:39:42	[34minfo[0m	redis connect ping response:	{"pong": "PONG"}
zeropiece/Initialize.InitRedis
	/Users/orlando/GolandProjects/DLXM/zeropiece/Initialize/cache.go:31
zeropiece/Initialize.InitCache
	/Users/orlando/GolandProjects/DLXM/zeropiece/Initialize/cache.go:12
main.init.0
	/Users/orlando/GolandProjects/DLXM/zeropiece/main.go:25
runtime.doInit
	/usr/local/go/src/runtime/proc.go:6222
runtime.main
	/usr/local/go/src/runtime/proc.go:233
[peekaboo] 2022/05/17 - 08:39:42	[34minfo[0m	register table success
zeropiece/Initialize.DBTableMigrate
	/Users/orlando/GolandProjects/DLXM/zeropiece/Initialize/db.go:48
zeropiece/Initialize.InitMysql
	/Users/orlando/GolandProjects/DLXM/zeropiece/Initialize/db.go:35
zeropiece/Initialize.InitDb
	/Users/orlando/GolandProjects/DLXM/zeropiece/Initialize/db.go:15
main.init.0
	/Users/orlando/GolandProjects/DLXM/zeropiece/main.go:27
runtime.doInit
	/usr/local/go/src/runtime/proc.go:6222
runtime.main
	/usr/local/go/src/runtime/proc.go:233
[peekaboo] 2022/05/17 - 08:39:42	[34minfo[0m	use middleware cors logger recovery
zeropiece/Initialize.InitRouters
	/Users/orlando/GolandProjects/DLXM/zeropiece/Initialize/router.go:19
main.main
	/Users/orlando/GolandProjects/DLXM/zeropiece/main.go:15
runtime.main
	/usr/local/go/src/runtime/proc.go:250
[peekaboo] 2022/05/17 - 08:39:42	[34minfo[0m	routers register success
zeropiece/Initialize.InitRouters
	/Users/orlando/GolandProjects/DLXM/zeropiece/Initialize/router.go:30
main.main
	/Users/orlando/GolandProjects/DLXM/zeropiece/main.go:15
runtime.main
	/usr/local/go/src/runtime/proc.go:250
[peekaboo] 2022/05/17 - 08:40:33	[34minfo[0m	redis connect ping response:	{"pong": "PONG"}
zeropiece/Initialize.InitRedis
	/Users/orlando/GolandProjects/DLXM/zeropiece/Initialize/cache.go:31
zeropiece/Initialize.InitCache
	/Users/orlando/GolandProjects/DLXM/zeropiece/Initialize/cache.go:12
main.init.0
	/Users/orlando/GolandProjects/DLXM/zeropiece/main.go:25
runtime.doInit
	/usr/local/go/src/runtime/proc.go:6222
runtime.main
	/usr/local/go/src/runtime/proc.go:233
[peekaboo] 2022/05/17 - 08:40:33	[34minfo[0m	register table success
zeropiece/Initialize.DBTableMigrate
	/Users/orlando/GolandProjects/DLXM/zeropiece/Initialize/db.go:48
zeropiece/Initialize.InitMysql
	/Users/orlando/GolandProjects/DLXM/zeropiece/Initialize/db.go:35
zeropiece/Initialize.InitDb
	/Users/orlando/GolandProjects/DLXM/zeropiece/Initialize/db.go:15
main.init.0
	/Users/orlando/GolandProjects/DLXM/zeropiece/main.go:27
runtime.doInit
	/usr/local/go/src/runtime/proc.go:6222
runtime.main
	/usr/local/go/src/runtime/proc.go:233
[peekaboo] 2022/05/17 - 08:40:33	[34minfo[0m	use middleware cors logger recovery
zeropiece/Initialize.InitRouters
	/Users/orlando/GolandProjects/DLXM/zeropiece/Initialize/router.go:19
main.main
	/Users/orlando/GolandProjects/DLXM/zeropiece/main.go:15
runtime.main
	/usr/local/go/src/runtime/proc.go:250
[peekaboo] 2022/05/17 - 08:40:33	[34minfo[0m	routers register success
zeropiece/Initialize.InitRouters
	/Users/orlando/GolandProjects/DLXM/zeropiece/Initialize/router.go:30
main.main
	/Users/orlando/GolandProjects/DLXM/zeropiece/main.go:15
runtime.main
	/usr/local/go/src/runtime/proc.go:250
[peekaboo] 2022/05/17 - 08:42:33	[34minfo[0m	redis connect ping response:	{"pong": "PONG"}
zeropiece/Initialize.InitRedis
	/Users/orlando/GolandProjects/DLXM/zeropiece/Initialize/cache.go:31
zeropiece/Initialize.InitCache
	/Users/orlando/GolandProjects/DLXM/zeropiece/Initialize/cache.go:12
main.init.0
	/Users/orlando/GolandProjects/DLXM/zeropiece/main.go:25
runtime.doInit
	/usr/local/go/src/runtime/proc.go:6222
runtime.main
	/usr/local/go/src/runtime/proc.go:233
[peekaboo] 2022/05/17 - 08:42:33	[34minfo[0m	register table success
zeropiece/Initialize.DBTableMigrate
	/Users/orlando/GolandProjects/DLXM/zeropiece/Initialize/db.go:48
zeropiece/Initialize.InitMysql
	/Users/orlando/GolandProjects/DLXM/zeropiece/Initialize/db.go:35
zeropiece/Initialize.InitDb
	/Users/orlando/GolandProjects/DLXM/zeropiece/Initialize/db.go:15
main.init.0
	/Users/orlando/GolandProjects/DLXM/zeropiece/main.go:27
runtime.doInit
	/usr/local/go/src/runtime/proc.go:6222
runtime.main
	/usr/local/go/src/runtime/proc.go:233
[peekaboo] 2022/05/17 - 08:42:33	[34minfo[0m	use middleware cors logger recovery
zeropiece/Initialize.InitRouters
	/Users/orlando/GolandProjects/DLXM/zeropiece/Initialize/router.go:19
main.main
	/Users/orlando/GolandProjects/DLXM/zeropiece/main.go:15
runtime.main
	/usr/local/go/src/runtime/proc.go:250
[peekaboo] 2022/05/17 - 08:42:33	[34minfo[0m	routers register success
zeropiece/Initialize.InitRouters
	/Users/orlando/GolandProjects/DLXM/zeropiece/Initialize/router.go:30
main.main
	/Users/orlando/GolandProjects/DLXM/zeropiece/main.go:15
runtime.main
	/usr/local/go/src/runtime/proc.go:250
[peekaboo] 2022/05/17 - 08:42:36	[34minfo[0m	redis connect ping response:	{"pong": "PONG"}
zeropiece/Initialize.InitRedis
	/Users/orlando/GolandProjects/DLXM/zeropiece/Initialize/cache.go:31
zeropiece/Initialize.InitCache
	/Users/orlando/GolandProjects/DLXM/zeropiece/Initialize/cache.go:12
main.init.0
	/Users/orlando/GolandProjects/DLXM/zeropiece/main.go:25
runtime.doInit
	/usr/local/go/src/runtime/proc.go:6222
runtime.main
	/usr/local/go/src/runtime/proc.go:233
[peekaboo] 2022/05/17 - 08:42:36	[34minfo[0m	register table success
zeropiece/Initialize.DBTableMigrate
	/Users/orlando/GolandProjects/DLXM/zeropiece/Initialize/db.go:48
zeropiece/Initialize.InitMysql
	/Users/orlando/GolandProjects/DLXM/zeropiece/Initialize/db.go:35
zeropiece/Initialize.InitDb
	/Users/orlando/GolandProjects/DLXM/zeropiece/Initialize/db.go:15
main.init.0
	/Users/orlando/GolandProjects/DLXM/zeropiece/main.go:27
runtime.doInit
	/usr/local/go/src/runtime/proc.go:6222
runtime.main
	/usr/local/go/src/runtime/proc.go:233
[peekaboo] 2022/05/17 - 08:42:36	[34minfo[0m	use middleware cors logger recovery
zeropiece/Initialize.InitRouters
	/Users/orlando/GolandProjects/DLXM/zeropiece/Initialize/router.go:19
main.main
	/Users/orlando/GolandProjects/DLXM/zeropiece/main.go:15
runtime.main
	/usr/local/go/src/runtime/proc.go:250
[peekaboo] 2022/05/17 - 08:42:36	[34minfo[0m	routers register success
zeropiece/Initialize.InitRouters
	/Users/orlando/GolandProjects/DLXM/zeropiece/Initialize/router.go:30
main.main
	/Users/orlando/GolandProjects/DLXM/zeropiece/main.go:15
runtime.main
	/usr/local/go/src/runtime/proc.go:250
[peekaboo] 2022/05/17 - 08:43:08	[34minfo[0m	redis connect ping response:	{"pong": "PONG"}
zeropiece/Initialize.InitRedis
	/Users/orlando/GolandProjects/DLXM/zeropiece/Initialize/cache.go:31
zeropiece/Initialize.InitCache
	/Users/orlando/GolandProjects/DLXM/zeropiece/Initialize/cache.go:12
main.init.0
	/Users/orlando/GolandProjects/DLXM/zeropiece/main.go:25
runtime.doInit
	/usr/local/go/src/runtime/proc.go:6222
runtime.main
	/usr/local/go/src/runtime/proc.go:233
[peekaboo] 2022/05/17 - 08:43:08	[34minfo[0m	register table success
zeropiece/Initialize.DBTableMigrate
	/Users/orlando/GolandProjects/DLXM/zeropiece/Initialize/db.go:48
zeropiece/Initialize.InitMysql
	/Users/orlando/GolandProjects/DLXM/zeropiece/Initialize/db.go:35
zeropiece/Initialize.InitDb
	/Users/orlando/GolandProjects/DLXM/zeropiece/Initialize/db.go:15
main.init.0
	/Users/orlando/GolandProjects/DLXM/zeropiece/main.go:27
runtime.doInit
	/usr/local/go/src/runtime/proc.go:6222
runtime.main
	/usr/local/go/src/runtime/proc.go:233
[peekaboo] 2022/05/17 - 08:43:08	[34minfo[0m	use middleware cors logger recovery
zeropiece/Initialize.InitRouters
	/Users/orlando/GolandProjects/DLXM/zeropiece/Initialize/router.go:19
main.main
	/Users/orlando/GolandProjects/DLXM/zeropiece/main.go:15
runtime.main
	/usr/local/go/src/runtime/proc.go:250
[peekaboo] 2022/05/17 - 08:43:08	[34minfo[0m	routers register success
zeropiece/Initialize.InitRouters
	/Users/orlando/GolandProjects/DLXM/zeropiece/Initialize/router.go:30
main.main
	/Users/orlando/GolandProjects/DLXM/zeropiece/main.go:15
runtime.main
	/usr/local/go/src/runtime/proc.go:250
[peekaboo] 2022/05/17 - 08:43:57	[34minfo[0m	redis connect ping response:	{"pong": "PONG"}
zeropiece/Initialize.InitRedis
	/Users/orlando/GolandProjects/DLXM/zeropiece/Initialize/cache.go:31
zeropiece/Initialize.InitCache
	/Users/orlando/GolandProjects/DLXM/zeropiece/Initialize/cache.go:12
main.init.0
	/Users/orlando/GolandProjects/DLXM/zeropiece/main.go:25
runtime.doInit
	/usr/local/go/src/runtime/proc.go:6222
runtime.main
	/usr/local/go/src/runtime/proc.go:233
[peekaboo] 2022/05/17 - 08:43:58	[34minfo[0m	register table success
zeropiece/Initialize.DBTableMigrate
	/Users/orlando/GolandProjects/DLXM/zeropiece/Initialize/db.go:48
zeropiece/Initialize.InitMysql
	/Users/orlando/GolandProjects/DLXM/zeropiece/Initialize/db.go:35
zeropiece/Initialize.InitDb
	/Users/orlando/GolandProjects/DLXM/zeropiece/Initialize/db.go:15
main.init.0
	/Users/orlando/GolandProjects/DLXM/zeropiece/main.go:27
runtime.doInit
	/usr/local/go/src/runtime/proc.go:6222
runtime.main
	/usr/local/go/src/runtime/proc.go:233
[peekaboo] 2022/05/17 - 08:43:58	[34minfo[0m	use middleware cors logger recovery
zeropiece/Initialize.InitRouters
	/Users/orlando/GolandProjects/DLXM/zeropiece/Initialize/router.go:19
main.main
	/Users/orlando/GolandProjects/DLXM/zeropiece/main.go:15
runtime.main
	/usr/local/go/src/runtime/proc.go:250
[peekaboo] 2022/05/17 - 08:43:58	[34minfo[0m	routers register success
zeropiece/Initialize.InitRouters
	/Users/orlando/GolandProjects/DLXM/zeropiece/Initialize/router.go:30
main.main
	/Users/orlando/GolandProjects/DLXM/zeropiece/main.go:15
runtime.main
	/usr/local/go/src/runtime/proc.go:250
[peekaboo] 2022/05/17 - 08:44:31	[34minfo[0m	redis connect ping response:	{"pong": "PONG"}
zeropiece/Initialize.InitRedis
	/Users/orlando/GolandProjects/DLXM/zeropiece/Initialize/cache.go:31
zeropiece/Initialize.InitCache
	/Users/orlando/GolandProjects/DLXM/zeropiece/Initialize/cache.go:12
main.init.0
	/Users/orlando/GolandProjects/DLXM/zeropiece/main.go:25
runtime.doInit
	/usr/local/go/src/runtime/proc.go:6222
runtime.main
	/usr/local/go/src/runtime/proc.go:233
[peekaboo] 2022/05/17 - 08:44:31	[34minfo[0m	register table success
zeropiece/Initialize.DBTableMigrate
	/Users/orlando/GolandProjects/DLXM/zeropiece/Initialize/db.go:48
zeropiece/Initialize.InitMysql
	/Users/orlando/GolandProjects/DLXM/zeropiece/Initialize/db.go:35
zeropiece/Initialize.InitDb
	/Users/orlando/GolandProjects/DLXM/zeropiece/Initialize/db.go:15
main.init.0
	/Users/orlando/GolandProjects/DLXM/zeropiece/main.go:27
runtime.doInit
	/usr/local/go/src/runtime/proc.go:6222
runtime.main
	/usr/local/go/src/runtime/proc.go:233
[peekaboo] 2022/05/17 - 08:44:31	[34minfo[0m	use middleware cors logger recovery
zeropiece/Initialize.InitRouters
	/Users/orlando/GolandProjects/DLXM/zeropiece/Initialize/router.go:19
main.main
	/Users/orlando/GolandProjects/DLXM/zeropiece/main.go:15
runtime.main
	/usr/local/go/src/runtime/proc.go:250
[peekaboo] 2022/05/17 - 08:44:31	[34minfo[0m	routers register success
zeropiece/Initialize.InitRouters
	/Users/orlando/GolandProjects/DLXM/zeropiece/Initialize/router.go:30
main.main
	/Users/orlando/GolandProjects/DLXM/zeropiece/main.go:15
runtime.main
	/usr/local/go/src/runtime/proc.go:250
[peekaboo] 2022/05/17 - 08:45:54	[34minfo[0m	redis connect ping response:	{"pong": "PONG"}
zeropiece/Initialize.InitRedis
	/Users/orlando/GolandProjects/DLXM/zeropiece/Initialize/cache.go:31
zeropiece/Initialize.InitCache
	/Users/orlando/GolandProjects/DLXM/zeropiece/Initialize/cache.go:12
main.init.0
	/Users/orlando/GolandProjects/DLXM/zeropiece/main.go:25
runtime.doInit
	/usr/local/go/src/runtime/proc.go:6222
runtime.main
	/usr/local/go/src/runtime/proc.go:233
[peekaboo] 2022/05/17 - 08:45:54	[34minfo[0m	register table success
zeropiece/Initialize.DBTableMigrate
	/Users/orlando/GolandProjects/DLXM/zeropiece/Initialize/db.go:48
zeropiece/Initialize.InitMysql
	/Users/orlando/GolandProjects/DLXM/zeropiece/Initialize/db.go:35
zeropiece/Initialize.InitDb
	/Users/orlando/GolandProjects/DLXM/zeropiece/Initialize/db.go:15
main.init.0
	/Users/orlando/GolandProjects/DLXM/zeropiece/main.go:27
runtime.doInit
	/usr/local/go/src/runtime/proc.go:6222
runtime.main
	/usr/local/go/src/runtime/proc.go:233
[peekaboo] 2022/05/17 - 08:45:54	[34minfo[0m	use middleware cors logger recovery
zeropiece/Initialize.InitRouters
	/Users/orlando/GolandProjects/DLXM/zeropiece/Initialize/router.go:19
main.main
	/Users/orlando/GolandProjects/DLXM/zeropiece/main.go:15
runtime.main
	/usr/local/go/src/runtime/proc.go:250
[peekaboo] 2022/05/17 - 08:45:54	[34minfo[0m	routers register success
zeropiece/Initialize.InitRouters
	/Users/orlando/GolandProjects/DLXM/zeropiece/Initialize/router.go:30
main.main
	/Users/orlando/GolandProjects/DLXM/zeropiece/main.go:15
runtime.main
	/usr/local/go/src/runtime/proc.go:250
[peekaboo] 2022/05/17 - 08:46:32	[34minfo[0m	redis connect ping response:	{"pong": "PONG"}
zeropiece/Initialize.InitRedis
	/Users/orlando/GolandProjects/DLXM/zeropiece/Initialize/cache.go:31
zeropiece/Initialize.InitCache
	/Users/orlando/GolandProjects/DLXM/zeropiece/Initialize/cache.go:12
main.init.0
	/Users/orlando/GolandProjects/DLXM/zeropiece/main.go:25
runtime.doInit
	/usr/local/go/src/runtime/proc.go:6222
runtime.main
	/usr/local/go/src/runtime/proc.go:233
[peekaboo] 2022/05/17 - 08:46:32	[34minfo[0m	register table success
zeropiece/Initialize.DBTableMigrate
	/Users/orlando/GolandProjects/DLXM/zeropiece/Initialize/db.go:48
zeropiece/Initialize.InitMysql
	/Users/orlando/GolandProjects/DLXM/zeropiece/Initialize/db.go:35
zeropiece/Initialize.InitDb
	/Users/orlando/GolandProjects/DLXM/zeropiece/Initialize/db.go:15
main.init.0
	/Users/orlando/GolandProjects/DLXM/zeropiece/main.go:27
runtime.doInit
	/usr/local/go/src/runtime/proc.go:6222
runtime.main
	/usr/local/go/src/runtime/proc.go:233
[peekaboo] 2022/05/17 - 08:46:32	[34minfo[0m	use middleware cors logger recovery
zeropiece/Initialize.InitRouters
	/Users/orlando/GolandProjects/DLXM/zeropiece/Initialize/router.go:19
main.main
	/Users/orlando/GolandProjects/DLXM/zeropiece/main.go:15
runtime.main
	/usr/local/go/src/runtime/proc.go:250
[peekaboo] 2022/05/17 - 08:46:32	[34minfo[0m	routers register success
zeropiece/Initialize.InitRouters
	/Users/orlando/GolandProjects/DLXM/zeropiece/Initialize/router.go:30
main.main
	/Users/orlando/GolandProjects/DLXM/zeropiece/main.go:15
runtime.main
	/usr/local/go/src/runtime/proc.go:250
[peekaboo] 2022/05/17 - 09:30:54	[34minfo[0m	redis connect ping response:	{"pong": "PONG"}
zeropiece/Initialize.InitRedis
	/Users/orlando/GolandProjects/DLXM/zeropiece/Initialize/cache.go:31
zeropiece/Initialize.InitCache
	/Users/orlando/GolandProjects/DLXM/zeropiece/Initialize/cache.go:12
main.init.0
	/Users/orlando/GolandProjects/DLXM/zeropiece/main.go:25
runtime.doInit
	/usr/local/go/src/runtime/proc.go:6222
runtime.main
	/usr/local/go/src/runtime/proc.go:233
[peekaboo] 2022/05/17 - 09:30:54	[34minfo[0m	register table success
zeropiece/Initialize.DBTableMigrate
	/Users/orlando/GolandProjects/DLXM/zeropiece/Initialize/db.go:48
zeropiece/Initialize.InitMysql
	/Users/orlando/GolandProjects/DLXM/zeropiece/Initialize/db.go:35
zeropiece/Initialize.InitDb
	/Users/orlando/GolandProjects/DLXM/zeropiece/Initialize/db.go:15
main.init.0
	/Users/orlando/GolandProjects/DLXM/zeropiece/main.go:27
runtime.doInit
	/usr/local/go/src/runtime/proc.go:6222
runtime.main
	/usr/local/go/src/runtime/proc.go:233
[peekaboo] 2022/05/17 - 09:30:54	[34minfo[0m	use middleware cors logger recovery
zeropiece/Initialize.InitRouters
	/Users/orlando/GolandProjects/DLXM/zeropiece/Initialize/router.go:19
main.main
	/Users/orlando/GolandProjects/DLXM/zeropiece/main.go:15
runtime.main
	/usr/local/go/src/runtime/proc.go:250
[peekaboo] 2022/05/17 - 09:30:54	[34minfo[0m	routers register success
zeropiece/Initialize.InitRouters
	/Users/orlando/GolandProjects/DLXM/zeropiece/Initialize/router.go:30
main.main
	/Users/orlando/GolandProjects/DLXM/zeropiece/main.go:15
runtime.main
	/usr/local/go/src/runtime/proc.go:250
[peekaboo] 2022/05/17 - 10:38:30	[34minfo[0m	redis connect ping response:	{"pong": "PONG"}
zeropiece/Initialize.InitRedis
	/Users/orlando/GolandProjects/DLXM/zeropiece/Initialize/cache.go:31
zeropiece/Initialize.InitCache
	/Users/orlando/GolandProjects/DLXM/zeropiece/Initialize/cache.go:12
main.init.0
	/Users/orlando/GolandProjects/DLXM/zeropiece/main.go:25
runtime.doInit
	/usr/local/go/src/runtime/proc.go:6222
runtime.main
	/usr/local/go/src/runtime/proc.go:233
[peekaboo] 2022/05/17 - 10:38:31	[34minfo[0m	register table success
zeropiece/Initialize.DBTableMigrate
	/Users/orlando/GolandProjects/DLXM/zeropiece/Initialize/db.go:48
zeropiece/Initialize.InitMysql
	/Users/orlando/GolandProjects/DLXM/zeropiece/Initialize/db.go:35
zeropiece/Initialize.InitDb
	/Users/orlando/GolandProjects/DLXM/zeropiece/Initialize/db.go:15
main.init.0
	/Users/orlando/GolandProjects/DLXM/zeropiece/main.go:27
runtime.doInit
	/usr/local/go/src/runtime/proc.go:6222
runtime.main
	/usr/local/go/src/runtime/proc.go:233
[peekaboo] 2022/05/17 - 10:38:31	[34minfo[0m	use middleware cors logger recovery
zeropiece/Initialize.InitRouters
	/Users/orlando/GolandProjects/DLXM/zeropiece/Initialize/router.go:19
main.main
	/Users/orlando/GolandProjects/DLXM/zeropiece/main.go:15
runtime.main
	/usr/local/go/src/runtime/proc.go:250
[peekaboo] 2022/05/17 - 10:38:31	[34minfo[0m	routers register success
zeropiece/Initialize.InitRouters
	/Users/orlando/GolandProjects/DLXM/zeropiece/Initialize/router.go:30
main.main
	/Users/orlando/GolandProjects/DLXM/zeropiece/main.go:15
runtime.main
	/usr/local/go/src/runtime/proc.go:250
[peekaboo] 2022/05/17 - 10:38:32	[34minfo[0m	redis connect ping response:	{"pong": "PONG"}
zeropiece/Initialize.InitRedis
	/Users/orlando/GolandProjects/DLXM/zeropiece/Initialize/cache.go:31
zeropiece/Initialize.InitCache
	/Users/orlando/GolandProjects/DLXM/zeropiece/Initialize/cache.go:12
main.init.0
	/Users/orlando/GolandProjects/DLXM/zeropiece/main.go:25
runtime.doInit
	/usr/local/go/src/runtime/proc.go:6222
runtime.main
	/usr/local/go/src/runtime/proc.go:233
[peekaboo] 2022/05/17 - 10:38:32	[34minfo[0m	register table success
zeropiece/Initialize.DBTableMigrate
	/Users/orlando/GolandProjects/DLXM/zeropiece/Initialize/db.go:48
zeropiece/Initialize.InitMysql
	/Users/orlando/GolandProjects/DLXM/zeropiece/Initialize/db.go:35
zeropiece/Initialize.InitDb
	/Users/orlando/GolandProjects/DLXM/zeropiece/Initialize/db.go:15
main.init.0
	/Users/orlando/GolandProjects/DLXM/zeropiece/main.go:27
runtime.doInit
	/usr/local/go/src/runtime/proc.go:6222
runtime.main
	/usr/local/go/src/runtime/proc.go:233
[peekaboo] 2022/05/17 - 10:38:32	[34minfo[0m	use middleware cors logger recovery
zeropiece/Initialize.InitRouters
	/Users/orlando/GolandProjects/DLXM/zeropiece/Initialize/router.go:19
main.main
	/Users/orlando/GolandProjects/DLXM/zeropiece/main.go:15
runtime.main
	/usr/local/go/src/runtime/proc.go:250
[peekaboo] 2022/05/17 - 10:38:32	[34minfo[0m	routers register success
zeropiece/Initialize.InitRouters
	/Users/orlando/GolandProjects/DLXM/zeropiece/Initialize/router.go:30
main.main
	/Users/orlando/GolandProjects/DLXM/zeropiece/main.go:15
runtime.main
	/usr/local/go/src/runtime/proc.go:250
[peekaboo] 2022/05/17 - 10:38:58	[34minfo[0m	redis connect ping response:	{"pong": "PONG"}
zeropiece/Initialize.InitRedis
	/Users/orlando/GolandProjects/DLXM/zeropiece/Initialize/cache.go:31
zeropiece/Initialize.InitCache
	/Users/orlando/GolandProjects/DLXM/zeropiece/Initialize/cache.go:12
main.init.0
	/Users/orlando/GolandProjects/DLXM/zeropiece/main.go:25
runtime.doInit
	/usr/local/go/src/runtime/proc.go:6222
runtime.main
	/usr/local/go/src/runtime/proc.go:233
[peekaboo] 2022/05/17 - 10:38:58	[34minfo[0m	register table success
zeropiece/Initialize.DBTableMigrate
	/Users/orlando/GolandProjects/DLXM/zeropiece/Initialize/db.go:48
zeropiece/Initialize.InitMysql
	/Users/orlando/GolandProjects/DLXM/zeropiece/Initialize/db.go:35
zeropiece/Initialize.InitDb
	/Users/orlando/GolandProjects/DLXM/zeropiece/Initialize/db.go:15
main.init.0
	/Users/orlando/GolandProjects/DLXM/zeropiece/main.go:27
runtime.doInit
	/usr/local/go/src/runtime/proc.go:6222
runtime.main
	/usr/local/go/src/runtime/proc.go:233
[peekaboo] 2022/05/17 - 10:38:58	[34minfo[0m	use middleware cors logger recovery
zeropiece/Initialize.InitRouters
	/Users/orlando/GolandProjects/DLXM/zeropiece/Initialize/router.go:19
main.main
	/Users/orlando/GolandProjects/DLXM/zeropiece/main.go:15
runtime.main
	/usr/local/go/src/runtime/proc.go:250
[peekaboo] 2022/05/17 - 10:38:58	[34minfo[0m	routers register success
zeropiece/Initialize.InitRouters
	/Users/orlando/GolandProjects/DLXM/zeropiece/Initialize/router.go:30
main.main
	/Users/orlando/GolandProjects/DLXM/zeropiece/main.go:15
runtime.main
	/usr/local/go/src/runtime/proc.go:250
[peekaboo] 2022/05/17 - 11:28:18	[34minfo[0m	redis connect ping response:	{"pong": "PONG"}
zeropiece/Initialize.InitRedis
	/Users/orlando/GolandProjects/DLXM/zeropiece/Initialize/cache.go:31
zeropiece/Initialize.InitCache
	/Users/orlando/GolandProjects/DLXM/zeropiece/Initialize/cache.go:12
main.init.0
	/Users/orlando/GolandProjects/DLXM/zeropiece/main.go:25
runtime.doInit
	/usr/local/go/src/runtime/proc.go:6222
runtime.main
	/usr/local/go/src/runtime/proc.go:233
[peekaboo] 2022/05/17 - 11:28:18	[34minfo[0m	register table success
zeropiece/Initialize.DBTableMigrate
	/Users/orlando/GolandProjects/DLXM/zeropiece/Initialize/db.go:48
zeropiece/Initialize.InitMysql
	/Users/orlando/GolandProjects/DLXM/zeropiece/Initialize/db.go:35
zeropiece/Initialize.InitDb
	/Users/orlando/GolandProjects/DLXM/zeropiece/Initialize/db.go:15
main.init.0
	/Users/orlando/GolandProjects/DLXM/zeropiece/main.go:27
runtime.doInit
	/usr/local/go/src/runtime/proc.go:6222
runtime.main
	/usr/local/go/src/runtime/proc.go:233
[peekaboo] 2022/05/17 - 11:28:18	[34minfo[0m	use middleware cors logger recovery
zeropiece/Initialize.InitRouters
	/Users/orlando/GolandProjects/DLXM/zeropiece/Initialize/router.go:19
main.main
	/Users/orlando/GolandProjects/DLXM/zeropiece/main.go:15
runtime.main
	/usr/local/go/src/runtime/proc.go:250
[peekaboo] 2022/05/17 - 11:28:18	[34minfo[0m	routers register success
zeropiece/Initialize.InitRouters
	/Users/orlando/GolandProjects/DLXM/zeropiece/Initialize/router.go:30
main.main
	/Users/orlando/GolandProjects/DLXM/zeropiece/main.go:15
runtime.main
	/usr/local/go/src/runtime/proc.go:250
[peekaboo] 2022/05/17 - 19:41:51	[34minfo[0m	redis connect ping response:	{"pong": "PONG"}
zeropiece/Initialize.InitRedis
	/Users/orlando/GolandProjects/DLXM/zeropiece/Initialize/cache.go:31
zeropiece/Initialize.InitCache
	/Users/orlando/GolandProjects/DLXM/zeropiece/Initialize/cache.go:12
main.init.0
	/Users/orlando/GolandProjects/DLXM/zeropiece/main.go:25
runtime.doInit
	/usr/local/go/src/runtime/proc.go:6222
runtime.main
	/usr/local/go/src/runtime/proc.go:233
[peekaboo] 2022/05/17 - 19:41:51	[34minfo[0m	register table success
zeropiece/Initialize.DBTableMigrate
	/Users/orlando/GolandProjects/DLXM/zeropiece/Initialize/db.go:48
zeropiece/Initialize.InitMysql
	/Users/orlando/GolandProjects/DLXM/zeropiece/Initialize/db.go:35
zeropiece/Initialize.InitDb
	/Users/orlando/GolandProjects/DLXM/zeropiece/Initialize/db.go:15
main.init.0
	/Users/orlando/GolandProjects/DLXM/zeropiece/main.go:27
runtime.doInit
	/usr/local/go/src/runtime/proc.go:6222
runtime.main
	/usr/local/go/src/runtime/proc.go:233
[peekaboo] 2022/05/17 - 19:41:51	[34minfo[0m	use middleware cors logger recovery
zeropiece/Initialize.InitRouters
	/Users/orlando/GolandProjects/DLXM/zeropiece/Initialize/router.go:19
main.main
	/Users/orlando/GolandProjects/DLXM/zeropiece/main.go:15
runtime.main
	/usr/local/go/src/runtime/proc.go:250
[peekaboo] 2022/05/17 - 19:41:51	[34minfo[0m	routers register success
zeropiece/Initialize.InitRouters
	/Users/orlando/GolandProjects/DLXM/zeropiece/Initialize/router.go:30
main.main
	/Users/orlando/GolandProjects/DLXM/zeropiece/main.go:15
runtime.main
	/usr/local/go/src/runtime/proc.go:250
[peekaboo] 2022/05/17 - 19:46:30	[34minfo[0m	redis connect ping response:	{"pong": "PONG"}
zeropiece/Initialize.InitRedis
	/Users/orlando/GolandProjects/DLXM/zeropiece/Initialize/cache.go:31
zeropiece/Initialize.InitCache
	/Users/orlando/GolandProjects/DLXM/zeropiece/Initialize/cache.go:12
main.init.0
	/Users/orlando/GolandProjects/DLXM/zeropiece/main.go:25
runtime.doInit
	/usr/local/go/src/runtime/proc.go:6222
runtime.main
	/usr/local/go/src/runtime/proc.go:233
[peekaboo] 2022/05/17 - 19:46:30	[34minfo[0m	register table success
zeropiece/Initialize.DBTableMigrate
	/Users/orlando/GolandProjects/DLXM/zeropiece/Initialize/db.go:48
zeropiece/Initialize.InitMysql
	/Users/orlando/GolandProjects/DLXM/zeropiece/Initialize/db.go:35
zeropiece/Initialize.InitDb
	/Users/orlando/GolandProjects/DLXM/zeropiece/Initialize/db.go:15
main.init.0
	/Users/orlando/GolandProjects/DLXM/zeropiece/main.go:27
runtime.doInit
	/usr/local/go/src/runtime/proc.go:6222
runtime.main
	/usr/local/go/src/runtime/proc.go:233
[peekaboo] 2022/05/17 - 19:46:30	[34minfo[0m	use middleware cors logger recovery
zeropiece/Initialize.InitRouters
	/Users/orlando/GolandProjects/DLXM/zeropiece/Initialize/router.go:19
main.main
	/Users/orlando/GolandProjects/DLXM/zeropiece/main.go:15
runtime.main
	/usr/local/go/src/runtime/proc.go:250
[peekaboo] 2022/05/17 - 19:46:30	[34minfo[0m	routers register success
zeropiece/Initialize.InitRouters
	/Users/orlando/GolandProjects/DLXM/zeropiece/Initialize/router.go:30
main.main
	/Users/orlando/GolandProjects/DLXM/zeropiece/main.go:15
runtime.main
	/usr/local/go/src/runtime/proc.go:250
[peekaboo] 2022/05/17 - 19:53:10	[34minfo[0m	redis connect ping response:	{"pong": "PONG"}
zeropiece/Initialize.InitRedis
	/Users/orlando/GolandProjects/DLXM/zeropiece/Initialize/cache.go:31
zeropiece/Initialize.InitCache
	/Users/orlando/GolandProjects/DLXM/zeropiece/Initialize/cache.go:12
main.init.0
	/Users/orlando/GolandProjects/DLXM/zeropiece/main.go:25
runtime.doInit
	/usr/local/go/src/runtime/proc.go:6222
runtime.main
	/usr/local/go/src/runtime/proc.go:233
[peekaboo] 2022/05/17 - 19:53:10	[34minfo[0m	register table success
zeropiece/Initialize.DBTableMigrate
	/Users/orlando/GolandProjects/DLXM/zeropiece/Initialize/db.go:48
zeropiece/Initialize.InitMysql
	/Users/orlando/GolandProjects/DLXM/zeropiece/Initialize/db.go:35
zeropiece/Initialize.InitDb
	/Users/orlando/GolandProjects/DLXM/zeropiece/Initialize/db.go:15
main.init.0
	/Users/orlando/GolandProjects/DLXM/zeropiece/main.go:27
runtime.doInit
	/usr/local/go/src/runtime/proc.go:6222
runtime.main
	/usr/local/go/src/runtime/proc.go:233
[peekaboo] 2022/05/17 - 19:53:10	[34minfo[0m	use middleware cors logger recovery
zeropiece/Initialize.InitRouters
	/Users/orlando/GolandProjects/DLXM/zeropiece/Initialize/router.go:19
main.main
	/Users/orlando/GolandProjects/DLXM/zeropiece/main.go:15
runtime.main
	/usr/local/go/src/runtime/proc.go:250
[peekaboo] 2022/05/17 - 19:53:10	[34minfo[0m	routers register success
zeropiece/Initialize.InitRouters
	/Users/orlando/GolandProjects/DLXM/zeropiece/Initialize/router.go:30
main.main
	/Users/orlando/GolandProjects/DLXM/zeropiece/main.go:15
runtime.main
	/usr/local/go/src/runtime/proc.go:250
[peekaboo] 2022/05/17 - 19:58:38	[34minfo[0m	redis connect ping response:	{"pong": "PONG"}
zeropiece/Initialize.InitRedis
	/Users/orlando/GolandProjects/DLXM/zeropiece/Initialize/cache.go:31
zeropiece/Initialize.InitCache
	/Users/orlando/GolandProjects/DLXM/zeropiece/Initialize/cache.go:12
main.init.0
	/Users/orlando/GolandProjects/DLXM/zeropiece/main.go:25
runtime.doInit
	/usr/local/go/src/runtime/proc.go:6222
runtime.main
	/usr/local/go/src/runtime/proc.go:233
[peekaboo] 2022/05/17 - 19:58:38	[34minfo[0m	register table success
zeropiece/Initialize.DBTableMigrate
	/Users/orlando/GolandProjects/DLXM/zeropiece/Initialize/db.go:48
zeropiece/Initialize.InitMysql
	/Users/orlando/GolandProjects/DLXM/zeropiece/Initialize/db.go:35
zeropiece/Initialize.InitDb
	/Users/orlando/GolandProjects/DLXM/zeropiece/Initialize/db.go:15
main.init.0
	/Users/orlando/GolandProjects/DLXM/zeropiece/main.go:27
runtime.doInit
	/usr/local/go/src/runtime/proc.go:6222
runtime.main
	/usr/local/go/src/runtime/proc.go:233
[peekaboo] 2022/05/17 - 19:58:38	[34minfo[0m	use middleware cors logger recovery
zeropiece/Initialize.InitRouters
	/Users/orlando/GolandProjects/DLXM/zeropiece/Initialize/router.go:19
main.main
	/Users/orlando/GolandProjects/DLXM/zeropiece/main.go:15
runtime.main
	/usr/local/go/src/runtime/proc.go:250
[peekaboo] 2022/05/17 - 19:58:38	[34minfo[0m	routers register success
zeropiece/Initialize.InitRouters
	/Users/orlando/GolandProjects/DLXM/zeropiece/Initialize/router.go:30
main.main
	/Users/orlando/GolandProjects/DLXM/zeropiece/main.go:15
runtime.main
	/usr/local/go/src/runtime/proc.go:250
[peekaboo] 2022/05/17 - 19:58:40	[34minfo[0m	redis connect ping response:	{"pong": "PONG"}
zeropiece/Initialize.InitRedis
	/Users/orlando/GolandProjects/DLXM/zeropiece/Initialize/cache.go:31
zeropiece/Initialize.InitCache
	/Users/orlando/GolandProjects/DLXM/zeropiece/Initialize/cache.go:12
main.init.0
	/Users/orlando/GolandProjects/DLXM/zeropiece/main.go:25
runtime.doInit
	/usr/local/go/src/runtime/proc.go:6222
runtime.main
	/usr/local/go/src/runtime/proc.go:233
[peekaboo] 2022/05/17 - 19:58:40	[34minfo[0m	register table success
zeropiece/Initialize.DBTableMigrate
	/Users/orlando/GolandProjects/DLXM/zeropiece/Initialize/db.go:48
zeropiece/Initialize.InitMysql
	/Users/orlando/GolandProjects/DLXM/zeropiece/Initialize/db.go:35
zeropiece/Initialize.InitDb
	/Users/orlando/GolandProjects/DLXM/zeropiece/Initialize/db.go:15
main.init.0
	/Users/orlando/GolandProjects/DLXM/zeropiece/main.go:27
runtime.doInit
	/usr/local/go/src/runtime/proc.go:6222
runtime.main
	/usr/local/go/src/runtime/proc.go:233
[peekaboo] 2022/05/17 - 19:58:40	[34minfo[0m	use middleware cors logger recovery
zeropiece/Initialize.InitRouters
	/Users/orlando/GolandProjects/DLXM/zeropiece/Initialize/router.go:19
main.main
	/Users/orlando/GolandProjects/DLXM/zeropiece/main.go:15
runtime.main
	/usr/local/go/src/runtime/proc.go:250
[peekaboo] 2022/05/17 - 19:58:40	[34minfo[0m	routers register success
zeropiece/Initialize.InitRouters
	/Users/orlando/GolandProjects/DLXM/zeropiece/Initialize/router.go:30
main.main
	/Users/orlando/GolandProjects/DLXM/zeropiece/main.go:15
runtime.main
	/usr/local/go/src/runtime/proc.go:250
[peekaboo] 2022/05/17 - 19:59:06	[34minfo[0m	redis connect ping response:	{"pong": "PONG"}
zeropiece/Initialize.InitRedis
	/Users/orlando/GolandProjects/DLXM/zeropiece/Initialize/cache.go:31
zeropiece/Initialize.InitCache
	/Users/orlando/GolandProjects/DLXM/zeropiece/Initialize/cache.go:12
main.init.0
	/Users/orlando/GolandProjects/DLXM/zeropiece/main.go:25
runtime.doInit
	/usr/local/go/src/runtime/proc.go:6222
runtime.main
	/usr/local/go/src/runtime/proc.go:233
[peekaboo] 2022/05/17 - 19:59:06	[34minfo[0m	register table success
zeropiece/Initialize.DBTableMigrate
	/Users/orlando/GolandProjects/DLXM/zeropiece/Initialize/db.go:48
zeropiece/Initialize.InitMysql
	/Users/orlando/GolandProjects/DLXM/zeropiece/Initialize/db.go:35
zeropiece/Initialize.InitDb
	/Users/orlando/GolandProjects/DLXM/zeropiece/Initialize/db.go:15
main.init.0
	/Users/orlando/GolandProjects/DLXM/zeropiece/main.go:27
runtime.doInit
	/usr/local/go/src/runtime/proc.go:6222
runtime.main
	/usr/local/go/src/runtime/proc.go:233
[peekaboo] 2022/05/17 - 19:59:06	[34minfo[0m	use middleware cors logger recovery
zeropiece/Initialize.InitRouters
	/Users/orlando/GolandProjects/DLXM/zeropiece/Initialize/router.go:19
main.main
	/Users/orlando/GolandProjects/DLXM/zeropiece/main.go:15
runtime.main
	/usr/local/go/src/runtime/proc.go:250
[peekaboo] 2022/05/17 - 19:59:06	[34minfo[0m	routers register success
zeropiece/Initialize.InitRouters
	/Users/orlando/GolandProjects/DLXM/zeropiece/Initialize/router.go:30
main.main
	/Users/orlando/GolandProjects/DLXM/zeropiece/main.go:15
runtime.main
	/usr/local/go/src/runtime/proc.go:250
[peekaboo] 2022/05/17 - 20:00:49	[34minfo[0m	redis connect ping response:	{"pong": "PONG"}
zeropiece/Initialize.InitRedis
	/Users/orlando/GolandProjects/DLXM/zeropiece/Initialize/cache.go:31
zeropiece/Initialize.InitCache
	/Users/orlando/GolandProjects/DLXM/zeropiece/Initialize/cache.go:12
main.init.0
	/Users/orlando/GolandProjects/DLXM/zeropiece/main.go:25
runtime.doInit
	/usr/local/go/src/runtime/proc.go:6222
runtime.main
	/usr/local/go/src/runtime/proc.go:233
[peekaboo] 2022/05/17 - 20:00:49	[34minfo[0m	register table success
zeropiece/Initialize.DBTableMigrate
	/Users/orlando/GolandProjects/DLXM/zeropiece/Initialize/db.go:48
zeropiece/Initialize.InitMysql
	/Users/orlando/GolandProjects/DLXM/zeropiece/Initialize/db.go:35
zeropiece/Initialize.InitDb
	/Users/orlando/GolandProjects/DLXM/zeropiece/Initialize/db.go:15
main.init.0
	/Users/orlando/GolandProjects/DLXM/zeropiece/main.go:27
runtime.doInit
	/usr/local/go/src/runtime/proc.go:6222
runtime.main
	/usr/local/go/src/runtime/proc.go:233
[peekaboo] 2022/05/17 - 20:00:49	[34minfo[0m	use middleware cors logger recovery
zeropiece/Initialize.InitRouters
	/Users/orlando/GolandProjects/DLXM/zeropiece/Initialize/router.go:19
main.main
	/Users/orlando/GolandProjects/DLXM/zeropiece/main.go:15
runtime.main
	/usr/local/go/src/runtime/proc.go:250
[peekaboo] 2022/05/17 - 20:00:49	[34minfo[0m	routers register success
zeropiece/Initialize.InitRouters
	/Users/orlando/GolandProjects/DLXM/zeropiece/Initialize/router.go:30
main.main
	/Users/orlando/GolandProjects/DLXM/zeropiece/main.go:15
runtime.main
	/usr/local/go/src/runtime/proc.go:250
[peekaboo] 2022/05/17 - 20:03:31	[34minfo[0m	redis connect ping response:	{"pong": "PONG"}
zeropiece/Initialize.InitRedis
	/Users/orlando/GolandProjects/DLXM/zeropiece/Initialize/cache.go:31
zeropiece/Initialize.InitCache
	/Users/orlando/GolandProjects/DLXM/zeropiece/Initialize/cache.go:12
main.init.0
	/Users/orlando/GolandProjects/DLXM/zeropiece/main.go:25
runtime.doInit
	/usr/local/go/src/runtime/proc.go:6222
runtime.main
	/usr/local/go/src/runtime/proc.go:233
[peekaboo] 2022/05/17 - 20:03:31	[34minfo[0m	register table success
zeropiece/Initialize.DBTableMigrate
	/Users/orlando/GolandProjects/DLXM/zeropiece/Initialize/db.go:48
zeropiece/Initialize.InitMysql
	/Users/orlando/GolandProjects/DLXM/zeropiece/Initialize/db.go:35
zeropiece/Initialize.InitDb
	/Users/orlando/GolandProjects/DLXM/zeropiece/Initialize/db.go:15
main.init.0
	/Users/orlando/GolandProjects/DLXM/zeropiece/main.go:27
runtime.doInit
	/usr/local/go/src/runtime/proc.go:6222
runtime.main
	/usr/local/go/src/runtime/proc.go:233
[peekaboo] 2022/05/17 - 20:03:31	[34minfo[0m	use middleware cors logger recovery
zeropiece/Initialize.InitRouters
	/Users/orlando/GolandProjects/DLXM/zeropiece/Initialize/router.go:19
main.main
	/Users/orlando/GolandProjects/DLXM/zeropiece/main.go:15
runtime.main
	/usr/local/go/src/runtime/proc.go:250
[peekaboo] 2022/05/17 - 20:03:31	[34minfo[0m	routers register success
zeropiece/Initialize.InitRouters
	/Users/orlando/GolandProjects/DLXM/zeropiece/Initialize/router.go:30
main.main
	/Users/orlando/GolandProjects/DLXM/zeropiece/main.go:15
runtime.main
	/usr/local/go/src/runtime/proc.go:250
[peekaboo] 2022/05/17 - 20:05:05	[34minfo[0m	redis connect ping response:	{"pong": "PONG"}
zeropiece/Initialize.InitRedis
	/Users/orlando/GolandProjects/DLXM/zeropiece/Initialize/cache.go:31
zeropiece/Initialize.InitCache
	/Users/orlando/GolandProjects/DLXM/zeropiece/Initialize/cache.go:12
main.init.0
	/Users/orlando/GolandProjects/DLXM/zeropiece/main.go:25
runtime.doInit
	/usr/local/go/src/runtime/proc.go:6222
runtime.main
	/usr/local/go/src/runtime/proc.go:233
[peekaboo] 2022/05/17 - 20:05:05	[34minfo[0m	register table success
zeropiece/Initialize.DBTableMigrate
	/Users/orlando/GolandProjects/DLXM/zeropiece/Initialize/db.go:48
zeropiece/Initialize.InitMysql
	/Users/orlando/GolandProjects/DLXM/zeropiece/Initialize/db.go:35
zeropiece/Initialize.InitDb
	/Users/orlando/GolandProjects/DLXM/zeropiece/Initialize/db.go:15
main.init.0
	/Users/orlando/GolandProjects/DLXM/zeropiece/main.go:27
runtime.doInit
	/usr/local/go/src/runtime/proc.go:6222
runtime.main
	/usr/local/go/src/runtime/proc.go:233
[peekaboo] 2022/05/17 - 20:05:05	[34minfo[0m	use middleware cors logger recovery
zeropiece/Initialize.InitRouters
	/Users/orlando/GolandProjects/DLXM/zeropiece/Initialize/router.go:19
main.main
	/Users/orlando/GolandProjects/DLXM/zeropiece/main.go:15
runtime.main
	/usr/local/go/src/runtime/proc.go:250
[peekaboo] 2022/05/17 - 20:05:05	[34minfo[0m	routers register success
zeropiece/Initialize.InitRouters
	/Users/orlando/GolandProjects/DLXM/zeropiece/Initialize/router.go:30
main.main
	/Users/orlando/GolandProjects/DLXM/zeropiece/main.go:15
runtime.main
	/usr/local/go/src/runtime/proc.go:250
[peekaboo] 2022/05/17 - 20:06:22	[34minfo[0m	redis connect ping response:	{"pong": "PONG"}
zeropiece/Initialize.InitRedis
	/Users/orlando/GolandProjects/DLXM/zeropiece/Initialize/cache.go:31
zeropiece/Initialize.InitCache
	/Users/orlando/GolandProjects/DLXM/zeropiece/Initialize/cache.go:12
main.init.0
	/Users/orlando/GolandProjects/DLXM/zeropiece/main.go:25
runtime.doInit
	/usr/local/go/src/runtime/proc.go:6222
runtime.main
	/usr/local/go/src/runtime/proc.go:233
[peekaboo] 2022/05/17 - 20:06:22	[34minfo[0m	register table success
zeropiece/Initialize.DBTableMigrate
	/Users/orlando/GolandProjects/DLXM/zeropiece/Initialize/db.go:48
zeropiece/Initialize.InitMysql
	/Users/orlando/GolandProjects/DLXM/zeropiece/Initialize/db.go:35
zeropiece/Initialize.InitDb
	/Users/orlando/GolandProjects/DLXM/zeropiece/Initialize/db.go:15
main.init.0
	/Users/orlando/GolandProjects/DLXM/zeropiece/main.go:27
runtime.doInit
	/usr/local/go/src/runtime/proc.go:6222
runtime.main
	/usr/local/go/src/runtime/proc.go:233
[peekaboo] 2022/05/17 - 20:06:22	[34minfo[0m	use middleware cors logger recovery
zeropiece/Initialize.InitRouters
	/Users/orlando/GolandProjects/DLXM/zeropiece/Initialize/router.go:19
main.main
	/Users/orlando/GolandProjects/DLXM/zeropiece/main.go:15
runtime.main
	/usr/local/go/src/runtime/proc.go:250
[peekaboo] 2022/05/17 - 20:06:22	[34minfo[0m	routers register success
zeropiece/Initialize.InitRouters
	/Users/orlando/GolandProjects/DLXM/zeropiece/Initialize/router.go:30
main.main
	/Users/orlando/GolandProjects/DLXM/zeropiece/main.go:15
runtime.main
	/usr/local/go/src/runtime/proc.go:250
[peekaboo] 2022/05/17 - 20:08:26	[34minfo[0m	redis connect ping response:	{"pong": "PONG"}
zeropiece/Initialize.InitRedis
	/Users/orlando/GolandProjects/DLXM/zeropiece/Initialize/cache.go:31
zeropiece/Initialize.InitCache
	/Users/orlando/GolandProjects/DLXM/zeropiece/Initialize/cache.go:12
main.init.0
	/Users/orlando/GolandProjects/DLXM/zeropiece/main.go:25
runtime.doInit
	/usr/local/go/src/runtime/proc.go:6222
runtime.main
	/usr/local/go/src/runtime/proc.go:233
[peekaboo] 2022/05/17 - 20:08:27	[34minfo[0m	register table success
zeropiece/Initialize.DBTableMigrate
	/Users/orlando/GolandProjects/DLXM/zeropiece/Initialize/db.go:48
zeropiece/Initialize.InitMysql
	/Users/orlando/GolandProjects/DLXM/zeropiece/Initialize/db.go:35
zeropiece/Initialize.InitDb
	/Users/orlando/GolandProjects/DLXM/zeropiece/Initialize/db.go:15
main.init.0
	/Users/orlando/GolandProjects/DLXM/zeropiece/main.go:27
runtime.doInit
	/usr/local/go/src/runtime/proc.go:6222
runtime.main
	/usr/local/go/src/runtime/proc.go:233
[peekaboo] 2022/05/17 - 20:08:27	[34minfo[0m	use middleware cors logger recovery
zeropiece/Initialize.InitRouters
	/Users/orlando/GolandProjects/DLXM/zeropiece/Initialize/router.go:19
main.main
	/Users/orlando/GolandProjects/DLXM/zeropiece/main.go:15
runtime.main
	/usr/local/go/src/runtime/proc.go:250
[peekaboo] 2022/05/17 - 20:08:27	[34minfo[0m	routers register success
zeropiece/Initialize.InitRouters
	/Users/orlando/GolandProjects/DLXM/zeropiece/Initialize/router.go:30
main.main
	/Users/orlando/GolandProjects/DLXM/zeropiece/main.go:15
runtime.main
	/usr/local/go/src/runtime/proc.go:250
[peekaboo] 2022/05/17 - 20:10:53	[34minfo[0m	redis connect ping response:	{"pong": "PONG"}
zeropiece/Initialize.InitRedis
	/Users/orlando/GolandProjects/DLXM/zeropiece/Initialize/cache.go:31
zeropiece/Initialize.InitCache
	/Users/orlando/GolandProjects/DLXM/zeropiece/Initialize/cache.go:12
main.init.0
	/Users/orlando/GolandProjects/DLXM/zeropiece/main.go:25
runtime.doInit
	/usr/local/go/src/runtime/proc.go:6222
runtime.main
	/usr/local/go/src/runtime/proc.go:233
[peekaboo] 2022/05/17 - 20:10:53	[34minfo[0m	register table success
zeropiece/Initialize.DBTableMigrate
	/Users/orlando/GolandProjects/DLXM/zeropiece/Initialize/db.go:48
zeropiece/Initialize.InitMysql
	/Users/orlando/GolandProjects/DLXM/zeropiece/Initialize/db.go:35
zeropiece/Initialize.InitDb
	/Users/orlando/GolandProjects/DLXM/zeropiece/Initialize/db.go:15
main.init.0
	/Users/orlando/GolandProjects/DLXM/zeropiece/main.go:27
runtime.doInit
	/usr/local/go/src/runtime/proc.go:6222
runtime.main
	/usr/local/go/src/runtime/proc.go:233
[peekaboo] 2022/05/17 - 20:10:53	[34minfo[0m	use middleware cors logger recovery
zeropiece/Initialize.InitRouters
	/Users/orlando/GolandProjects/DLXM/zeropiece/Initialize/router.go:19
main.main
	/Users/orlando/GolandProjects/DLXM/zeropiece/main.go:15
runtime.main
	/usr/local/go/src/runtime/proc.go:250
[peekaboo] 2022/05/17 - 20:10:53	[34minfo[0m	routers register success
zeropiece/Initialize.InitRouters
	/Users/orlando/GolandProjects/DLXM/zeropiece/Initialize/router.go:30
main.main
	/Users/orlando/GolandProjects/DLXM/zeropiece/main.go:15
runtime.main
	/usr/local/go/src/runtime/proc.go:250
[peekaboo] 2022/05/17 - 20:11:45	[34minfo[0m	redis connect ping response:	{"pong": "PONG"}
zeropiece/Initialize.InitRedis
	/Users/orlando/GolandProjects/DLXM/zeropiece/Initialize/cache.go:31
zeropiece/Initialize.InitCache
	/Users/orlando/GolandProjects/DLXM/zeropiece/Initialize/cache.go:12
main.init.0
	/Users/orlando/GolandProjects/DLXM/zeropiece/main.go:25
runtime.doInit
	/usr/local/go/src/runtime/proc.go:6222
runtime.main
	/usr/local/go/src/runtime/proc.go:233
[peekaboo] 2022/05/17 - 20:11:45	[34minfo[0m	register table success
zeropiece/Initialize.DBTableMigrate
	/Users/orlando/GolandProjects/DLXM/zeropiece/Initialize/db.go:48
zeropiece/Initialize.InitMysql
	/Users/orlando/GolandProjects/DLXM/zeropiece/Initialize/db.go:35
zeropiece/Initialize.InitDb
	/Users/orlando/GolandProjects/DLXM/zeropiece/Initialize/db.go:15
main.init.0
	/Users/orlando/GolandProjects/DLXM/zeropiece/main.go:27
runtime.doInit
	/usr/local/go/src/runtime/proc.go:6222
runtime.main
	/usr/local/go/src/runtime/proc.go:233
[peekaboo] 2022/05/17 - 20:11:45	[34minfo[0m	use middleware cors logger recovery
zeropiece/Initialize.InitRouters
	/Users/orlando/GolandProjects/DLXM/zeropiece/Initialize/router.go:19
main.main
	/Users/orlando/GolandProjects/DLXM/zeropiece/main.go:15
runtime.main
	/usr/local/go/src/runtime/proc.go:250
[peekaboo] 2022/05/17 - 20:11:45	[34minfo[0m	routers register success
zeropiece/Initialize.InitRouters
	/Users/orlando/GolandProjects/DLXM/zeropiece/Initialize/router.go:30
main.main
	/Users/orlando/GolandProjects/DLXM/zeropiece/main.go:15
runtime.main
	/usr/local/go/src/runtime/proc.go:250
[peekaboo] 2022/05/17 - 21:28:12	[34minfo[0m	redis connect ping response:	{"pong": "PONG"}
zeropiece/Initialize.InitRedis
	/Users/orlando/GolandProjects/DLXM/zeropiece/Initialize/cache.go:31
zeropiece/Initialize.InitCache
	/Users/orlando/GolandProjects/DLXM/zeropiece/Initialize/cache.go:12
main.init.0
	/Users/orlando/GolandProjects/DLXM/zeropiece/main.go:25
runtime.doInit
	/usr/local/go/src/runtime/proc.go:6222
runtime.main
	/usr/local/go/src/runtime/proc.go:233
[peekaboo] 2022/05/17 - 21:28:12	[34minfo[0m	register table success
zeropiece/Initialize.DBTableMigrate
	/Users/orlando/GolandProjects/DLXM/zeropiece/Initialize/db.go:48
zeropiece/Initialize.InitMysql
	/Users/orlando/GolandProjects/DLXM/zeropiece/Initialize/db.go:35
zeropiece/Initialize.InitDb
	/Users/orlando/GolandProjects/DLXM/zeropiece/Initialize/db.go:15
main.init.0
	/Users/orlando/GolandProjects/DLXM/zeropiece/main.go:27
runtime.doInit
	/usr/local/go/src/runtime/proc.go:6222
runtime.main
	/usr/local/go/src/runtime/proc.go:233
[peekaboo] 2022/05/17 - 21:28:12	[34minfo[0m	use middleware cors logger recovery
zeropiece/Initialize.InitRouters
	/Users/orlando/GolandProjects/DLXM/zeropiece/Initialize/router.go:19
main.main
	/Users/orlando/GolandProjects/DLXM/zeropiece/main.go:15
runtime.main
	/usr/local/go/src/runtime/proc.go:250
[peekaboo] 2022/05/17 - 21:28:12	[34minfo[0m	routers register success
zeropiece/Initialize.InitRouters
	/Users/orlando/GolandProjects/DLXM/zeropiece/Initialize/router.go:30
main.main
	/Users/orlando/GolandProjects/DLXM/zeropiece/main.go:15
runtime.main
	/usr/local/go/src/runtime/proc.go:250
